<?xml version="1.0" encoding="UTF-8"?>
<!-- Generated by org.testng.reporters.JUnitReportReporter -->
<testsuite skipped="0" hostname="ITEM-S94966" name="SeleniumGrid.Grid.SearchOnBrowser" tests="2" failures="0" timestamp="26 Oct 2020 14:23:23 GMT" time="28.980" errors="0">
  <testcase name="Googlesearch" time="13.647" classname="SeleniumGrid.Grid.SearchOnBrowser"/>
  <testcase name="Googlesearch1" time="15.333" classname="SeleniumGrid.Grid.SearchOnBrowser"/>
</testsuite> <!-- SeleniumGrid.Grid.SearchOnBrowser -->
