<?xml version="1.0" encoding="UTF-8"?>
<!-- Generated by org.testng.reporters.JUnitReportReporter -->
<testsuite skipped="0" hostname="ITEM-S94966" name="SeleniumGrid.Grid.GoogleSearch" tests="4" failures="0" timestamp="27 Oct 2020 06:14:08 GMT" time="89.664" errors="0">
  <testcase name="Googlesearch" time="22.158" classname="SeleniumGrid.Grid.GoogleSearch"/>
  <testcase name="Googlesearch2" time="27.080" classname="SeleniumGrid.Grid.GoogleSearch"/>
  <testcase name="Googlesearch3" time="18.953" classname="SeleniumGrid.Grid.GoogleSearch"/>
  <testcase name="Googlesearch1" time="21.473" classname="SeleniumGrid.Grid.GoogleSearch"/>
</testsuite> <!-- SeleniumGrid.Grid.GoogleSearch -->
