<?xml version="1.0" encoding="UTF-8"?>
<!-- Generated by org.testng.reporters.JUnitReportReporter -->
<testsuite skipped="0" hostname="ITEM-S94966" name="SeleniumGrid.Grid.SearchGoogle" tests="2" failures="0" timestamp="26 Oct 2020 14:23:23 GMT" time="29.997" errors="0">
  <testcase name="Googlesearch" time="15.037" classname="SeleniumGrid.Grid.SearchGoogle"/>
  <testcase name="Googlesearch1" time="14.960" classname="SeleniumGrid.Grid.SearchGoogle"/>
</testsuite> <!-- SeleniumGrid.Grid.SearchGoogle -->
